2025-12-02 15:37:26,855 - INFO - START export_to_gcs
2025-12-02 15:37:26,855 - INFO - Connecting to MongoDB...
2025-12-02 15:37:26,859 - INFO - Connected to MongoDB successfully
2025-12-02 15:37:38,741 - ERROR - ERROR in export_to_gcs: Your default credentials were not found. To set up Application Default Credentials, see https://cloud.google.com/docs/authentication/external/set-up-adc for more information.
2025-12-03 15:08:27,156 - INFO - START export_to_gcs
2025-12-03 15:08:27,156 - INFO - Connecting to MongoDB...
2025-12-03 15:08:27,172 - INFO - Connected to MongoDB successfully
2025-12-03 15:08:27,172 - INFO - Loading GCS credentials...
2025-12-03 15:08:27,210 - INFO - GCS authentication successful
2025-12-03 15:08:39,134 - ERROR - ERROR in export_to_gcs: Your default credentials were not found. To set up Application Default Credentials, see https://cloud.google.com/docs/authentication/external/set-up-adc for more information.
2025-12-03 15:10:49,865 - INFO - START export_to_gcs
2025-12-03 15:10:49,865 - INFO - Connecting to MongoDB...
2025-12-03 15:10:49,869 - INFO - Connected to MongoDB successfully
2025-12-03 15:10:49,869 - INFO - Loading GCS credentials...
2025-12-03 15:10:49,902 - INFO - GCS authentication successful
2025-12-03 15:11:01,946 - ERROR - ERROR in export_to_gcs: Your default credentials were not found. To set up Application Default Credentials, see https://cloud.google.com/docs/authentication/external/set-up-adc for more information.
2025-12-03 15:12:34,825 - INFO - START export_to_gcs
2025-12-03 15:12:34,825 - INFO - Connecting to MongoDB...
2025-12-03 15:12:34,829 - INFO - Connected to MongoDB successfully
2025-12-03 15:12:34,830 - INFO - Loading GCS credentials...
2025-12-03 15:12:34,865 - INFO - GCS authentication successful
2025-12-03 15:12:34,865 - INFO - Created TEMP directory: D:\python try hard\project6\tmp
2025-12-03 15:12:34,866 - INFO - Processing file: D:\python try hard\project6\csv_files\ip_location_results.csv
2025-12-03 15:12:34,866 - INFO - Converting D:\python try hard\project6\csv_files\ip_location_results.csv to D:\python try hard\project6\tmp\ip_location_results_20251203_151234.jsonl
2025-12-03 15:12:48,875 - INFO - CSV \u2192 JSONL complete. Rows: 3239628
2025-12-03 15:12:48,875 - INFO - Uploading to gs://project5a/project6_export/ip_location_results_20251203_151234.jsonl
2025-12-03 15:14:21,914 - INFO - Upload successful: project6_export/ip_location_results_20251203_151234.jsonl
2025-12-03 15:14:21,917 - INFO - Processing file: D:\python try hard\project6\csv_files\product_ids_to_crawl.csv
2025-12-03 15:14:21,919 - INFO - Converting D:\python try hard\project6\csv_files\product_ids_to_crawl.csv to D:\python try hard\project6\tmp\product_ids_to_crawl_20251203_151421.jsonl
2025-12-03 15:14:22,079 - INFO - CSV \u2192 JSONL complete. Rows: 19417
2025-12-03 15:14:22,084 - INFO - Uploading to gs://project5a/project6_export/product_ids_to_crawl_20251203_151421.jsonl
2025-12-03 15:14:24,562 - INFO - Upload successful: project6_export/product_ids_to_crawl_20251203_151421.jsonl
2025-12-03 15:14:24,562 - INFO - Processing file: D:\python try hard\project6\csv_files\valid_product_ids.csv
2025-12-03 15:14:24,562 - INFO - Converting D:\python try hard\project6\csv_files\valid_product_ids.csv to D:\python try hard\project6\tmp\valid_product_ids_20251203_151424.jsonl
2025-12-03 15:14:24,610 - INFO - CSV \u2192 JSONL complete. Rows: 14445
2025-12-03 15:14:24,610 - INFO - Uploading to gs://project5a/project6_export/valid_product_ids_20251203_151424.jsonl
2025-12-03 15:14:26,064 - INFO - Upload successful: project6_export/valid_product_ids_20251203_151424.jsonl
2025-12-03 15:14:26,064 - INFO - All files exported successfully
2025-12-10 09:56:57,371 - INFO - START export_to_gcs
2025-12-10 09:56:57,371 - INFO - Connecting to MongoDB...
2025-12-10 09:56:57,388 - INFO - Connected to MongoDB successfully
2025-12-10 09:56:57,389 - INFO - Loading GCS credentials...
2025-12-10 09:56:57,424 - INFO - GCS authentication successful
2025-12-10 09:56:57,424 - INFO - Processing file: D:\python try hard\project6\csv_files\ip_location_results.csv
2025-12-10 09:56:57,426 - INFO - Converting D:\python try hard\project6\csv_files\ip_location_results.csv to D:\python try hard\project6\tmp\ip_location_results.jsonl
2025-12-10 09:57:10,759 - INFO - CSV \u2192 JSONL complete. Rows: 3239628
2025-12-10 09:57:10,760 - INFO - Uploading to gs://twan_glamira/dataset_export/ip_location_results.jsonl
2025-12-10 09:57:58,904 - INFO - Upload successful: dataset_export/ip_location_results.jsonl
2025-12-10 09:57:58,904 - INFO - Processing file: D:\python try hard\project6\csv_files\product_ids_to_crawl.csv
2025-12-10 09:57:58,904 - INFO - Converting D:\python try hard\project6\csv_files\product_ids_to_crawl.csv to D:\python try hard\project6\tmp\product_ids_to_crawl.jsonl
2025-12-10 09:57:58,991 - INFO - CSV \u2192 JSONL complete. Rows: 19417
2025-12-10 09:57:58,992 - INFO - Uploading to gs://twan_glamira/dataset_export/product_ids_to_crawl.jsonl
2025-12-10 09:58:01,024 - INFO - Upload successful: dataset_export/product_ids_to_crawl.jsonl
2025-12-10 09:58:01,025 - INFO - Processing file: D:\python try hard\project6\csv_files\valid_product_ids.csv
2025-12-10 09:58:01,025 - INFO - Converting D:\python try hard\project6\csv_files\valid_product_ids.csv to D:\python try hard\project6\tmp\valid_product_ids.jsonl
2025-12-10 09:58:01,065 - INFO - CSV \u2192 JSONL complete. Rows: 14445
2025-12-10 09:58:01,065 - INFO - Uploading to gs://twan_glamira/dataset_export/valid_product_ids.jsonl
2025-12-10 09:58:02,266 - INFO - Upload successful: dataset_export/valid_product_ids.jsonl
2025-12-10 09:58:02,266 - INFO - All files exported successfully
